{
    "wallTime": 3,
    "cpuTime": 2,
    "truncated": false,
    "executionModel": "stateless",
    "outcome": "ok",
    "scriptVersion": {
        "id": "b79e301d-6772-448e-9d60-7837e426cacc"
    },
    "scriptName": "pages-worker--12332909-production",
    "diagnosticsChannelEvents": [],
    "exceptions": [],
    "logs": [
        {
            "message": [
                "Error: No such module \"__next-on-pages-dist__/functions/async_hooks\".\n  imported from \"__next-on-pages-dist__/functions/explore.func.js\""
            ],
            "level": "error",
            "timestamp": 1775382930310
        }
    ],
    "eventTimestamp": 1775382930258,
    "event": {
        "request": {
            "url": "https://84675b14.anime-scraper-pro.pages.dev/explore",
            "method": "GET",
            "headers": {
                "accept": "*/*",
                "accept-encoding": "gzip, br",
                "cf-connecting-ip": "103.157.79.38",
                "cf-ipcountry": "ID",
                "cf-ray": "9e77ad721a007ac6",
                "cf-visitor": "{\"scheme\":\"https\"}",
                "connection": "Keep-Alive",
                "host": "84675b14.anime-scraper-pro.pages.dev",
                "user-agent": "curl/8.18.0",
                "x-forwarded-proto": "https",
                "x-real-ip": "103.157.79.38"
            },
            "cf": {
                "httpProtocol": "HTTP/2",
                "requestPriority": "weight=16;exclusive=0;group=0;group-weight=0",
                "edgeRequestKeepAliveStatus": 1,
                "requestHeaderNames": {},
                "clientTcpRtt": 20,
                "clientQuicRtt": 0,
                "colo": "SIN",
                "asn": 141114,
                "asOrganization": "PT Super Media Indonesia",
                "country": "ID",
                "isEUCountry": false,
                "city": "Depok",
                "continent": "AS",
                "region": "West Java",
                "regionCode": "JB",
                "timezone": "Asia/Jakarta",
                "longitude": "106.81861",
                "latitude": "-6.4",
                "postalCode": "16431",
                "tlsVersion": "TLSv1.3",
                "tlsCipher": "AEAD-AES256-GCM-SHA384",
                "tlsClientRandom": "uTwg9f8bh8lYmsz8AIadsgK70wiYT4rrjyyRH79Cfts=",
                "tlsClientCiphersSha1": "hCCNuWP9ky6AR69i97wdKYbhFQo=",
                "tlsClientExtensionsSha1": "4oF0LRxQXUDhrRY0MazQAVJh7Go=",
                "tlsClientExtensionsSha1Le": "Ea9swA+X7+AQtmDnJ28MlyPK/Fg=",
                "tlsExportedAuthenticator": {
                    "clientHandshake": "2aa5fd88f719c2c12d59e93301ce6134b19c5c399c9285a8e45a4aab545c911599e514c6efdbb22aee4fb068f8bccdda",
                    "serverHandshake": "0bf6a7e695370db451ebda9edf7b8bdbd308db6332920be165e24afd2a1740d3f8a7b830829b26a32427efe60864a953",
                    "clientFinished": "be3efaf8bc638baec833e48a19b1c67d2f7f75807ceec820ba4b0dea24151c5139cde1a88cb078a29f9c59a9f303f6bb",
                    "serverFinished": "116478b28ebf400834cf6810873a42a09fed30f6bd3e183ffcae53b7b2cc964e374588c7722408c663ca406f6c355912"
                },
                "tlsClientHelloLength": "1583",
                "tlsClientAuth": {
                    "certPresented": "0",
                    "certVerified": "NONE",
                    "certRevoked": "0",
                    "certIssuerDN": "",
                    "certSubjectDN": "",
                    "certIssuerDNRFC2253": "",
                    "certSubjectDNRFC2253": "",
                    "certIssuerDNLegacy": "",
                    "certSubjectDNLegacy": "",
                    "certSerial": "",
                    "certIssuerSerial": "",
                    "certSKI": "",
                    "certIssuerSKI": "",
                    "certFingerprintSHA1": "",
                    "certFingerprintSHA256": "",
                    "certNotBefore": "",
                    "certNotAfter": "",
                    "certRFC9440": "",
                    "certRFC9440TooLarge": false,
                    "certChainRFC9440": "",
                    "certChainRFC9440TooLarge": false
                },
                "verifiedBotCategory": "",
                "edgeL4": {
                    "deliveryRate": 196481
                },
                "pagesHostName": "84675b14.anime-scraper-pro.pages.dev",
                "botManagement": {
                    "corporateProxy": false,
                    "verifiedBot": false,
                    "jsDetection": {
                        "passed": false
                    },
                    "staticResource": false,
                    "detectionIds": {},
                    "score": 99
                }
            }
        },
        "response": {
            "status": 500
        }
    }
}
